2022-03-24 14:46:45 [INFO] [main] com.example.demo.DemoApplication - Starting DemoApplication on DESKTOP-CBQF5K9 with PID 7996 (D:\idea-workspace\demo\build\classes\java\main started by cxj in D:\idea-workspace\demo)
2022-03-24 14:46:45 [INFO] [main] com.example.demo.DemoApplication - No active profile set, falling back to default profiles: default
2022-03-24 14:46:46 [INFO] [main] org.springframework.boot.web.embedded.tomcat.TomcatWebServer - Tomcat initialized with port(s): 8088 (http)
2022-03-24 14:46:46 [INFO] [main] org.apache.coyote.http11.Http11NioProtocol - Initializing ProtocolHandler ["http-nio-8088"]
2022-03-24 14:46:46 [INFO] [main] org.apache.catalina.core.StandardService - Starting service [Tomcat]
2022-03-24 14:46:46 [INFO] [main] org.apache.catalina.core.StandardEngine - Starting Servlet engine: [Apache Tomcat/9.0.35]
2022-03-24 14:46:46 [INFO] [main] org.apache.catalina.core.ContainerBase.[Tomcat].[localhost].[/vue-study] - Initializing Spring embedded WebApplicationContext
2022-03-24 14:46:46 [INFO] [main] org.springframework.web.context.ContextLoader - Root WebApplicationContext: initialization completed in 1233 ms
2022-03-24 14:46:47 [INFO] [main] org.springframework.scheduling.concurrent.ThreadPoolTaskExecutor - Initializing ExecutorService 'applicationTaskExecutor'
2022-03-24 14:46:47 [INFO] [main] org.apache.coyote.http11.Http11NioProtocol - Starting ProtocolHandler ["http-nio-8088"]
2022-03-24 14:46:47 [INFO] [main] org.springframework.boot.web.embedded.tomcat.TomcatWebServer - Tomcat started on port(s): 8088 (http) with context path '/vue-study'
2022-03-24 14:46:47 [INFO] [main] com.example.demo.DemoApplication - Started DemoApplication in 2.2 seconds (JVM running for 2.999)
2022-03-24 14:47:33 [INFO] [http-nio-8088-exec-1] org.apache.catalina.core.ContainerBase.[Tomcat].[localhost].[/vue-study] - Initializing Spring DispatcherServlet 'dispatcherServlet'
2022-03-24 14:47:33 [INFO] [http-nio-8088-exec-1] org.springframework.web.servlet.DispatcherServlet - Initializing Servlet 'dispatcherServlet'
2022-03-24 14:47:33 [INFO] [http-nio-8088-exec-1] org.springframework.web.servlet.DispatcherServlet - Completed initialization in 4 ms
2022-03-24 14:47:34 [INFO] [http-nio-8088-exec-1] com.zaxxer.hikari.HikariDataSource - HikariPool-1 - Starting...
2022-03-24 14:47:34 [INFO] [http-nio-8088-exec-1] com.zaxxer.hikari.HikariDataSource - HikariPool-1 - Start completed.
2022-03-24 15:07:45 [INFO] [Test worker] com.example.demo.DemoApplicationTests - Starting DemoApplicationTests on DESKTOP-CBQF5K9 with PID 15032 (started by cxj in D:\idea-workspace\demo)
2022-03-24 15:07:45 [INFO] [Test worker] com.example.demo.DemoApplicationTests - No active profile set, falling back to default profiles: default
2022-03-24 15:07:46 [INFO] [Test worker] org.springframework.scheduling.concurrent.ThreadPoolTaskExecutor - Initializing ExecutorService 'applicationTaskExecutor'
2022-03-24 15:07:47 [INFO] [Test worker] com.example.demo.DemoApplicationTests - Started DemoApplicationTests in 1.931 seconds (JVM running for 3.262)
2022-03-24 15:07:47 [INFO] [SpringContextShutdownHook] org.springframework.scheduling.concurrent.ThreadPoolTaskExecutor - Shutting down ExecutorService 'applicationTaskExecutor'
2022-03-24 15:07:58 [INFO] [main] com.example.demo.DemoApplication - Starting DemoApplication on DESKTOP-CBQF5K9 with PID 7448 (D:\idea-workspace\demo\build\classes\java\main started by cxj in D:\idea-workspace\demo)
2022-03-24 15:07:58 [INFO] [main] com.example.demo.DemoApplication - No active profile set, falling back to default profiles: default
2022-03-24 15:07:59 [INFO] [main] org.springframework.boot.web.embedded.tomcat.TomcatWebServer - Tomcat initialized with port(s): 8088 (http)
2022-03-24 15:07:59 [INFO] [main] org.apache.coyote.http11.Http11NioProtocol - Initializing ProtocolHandler ["http-nio-8088"]
2022-03-24 15:07:59 [INFO] [main] org.apache.catalina.core.StandardService - Starting service [Tomcat]
2022-03-24 15:07:59 [INFO] [main] org.apache.catalina.core.StandardEngine - Starting Servlet engine: [Apache Tomcat/9.0.35]
2022-03-24 15:07:59 [INFO] [main] org.apache.catalina.core.ContainerBase.[Tomcat].[localhost].[/vue-study] - Initializing Spring embedded WebApplicationContext
2022-03-24 15:07:59 [INFO] [main] org.springframework.web.context.ContextLoader - Root WebApplicationContext: initialization completed in 799 ms
2022-03-24 15:07:59 [INFO] [main] org.springframework.scheduling.concurrent.ThreadPoolTaskExecutor - Initializing ExecutorService 'applicationTaskExecutor'
2022-03-24 15:07:59 [INFO] [main] org.apache.coyote.http11.Http11NioProtocol - Starting ProtocolHandler ["http-nio-8088"]
2022-03-24 15:07:59 [INFO] [main] org.springframework.boot.web.embedded.tomcat.TomcatWebServer - Tomcat started on port(s): 8088 (http) with context path '/vue-study'
2022-03-24 15:07:59 [INFO] [main] com.example.demo.DemoApplication - Started DemoApplication in 1.527 seconds (JVM running for 2.167)
2022-03-24 15:08:52 [INFO] [http-nio-8088-exec-1] org.apache.catalina.core.ContainerBase.[Tomcat].[localhost].[/vue-study] - Initializing Spring DispatcherServlet 'dispatcherServlet'
2022-03-24 15:08:52 [INFO] [http-nio-8088-exec-1] org.springframework.web.servlet.DispatcherServlet - Initializing Servlet 'dispatcherServlet'
2022-03-24 15:08:52 [INFO] [http-nio-8088-exec-1] org.springframework.web.servlet.DispatcherServlet - Completed initialization in 6 ms
2022-03-24 15:08:52 [INFO] [http-nio-8088-exec-1] com.zaxxer.hikari.HikariDataSource - HikariPool-1 - Starting...
2022-03-24 15:08:53 [INFO] [http-nio-8088-exec-1] com.zaxxer.hikari.HikariDataSource - HikariPool-1 - Start completed.
2022-03-24 17:10:06 [INFO] [main] com.example.demo.DemoApplication - Starting DemoApplication on DESKTOP-CBQF5K9 with PID 14344 (D:\idea-workspace\demo\build\classes\java\main started by cxj in D:\idea-workspace\demo)
2022-03-24 17:10:06 [INFO] [main] com.example.demo.DemoApplication - No active profile set, falling back to default profiles: default
2022-03-24 17:10:07 [INFO] [main] org.springframework.boot.web.embedded.tomcat.TomcatWebServer - Tomcat initialized with port(s): 8088 (http)
2022-03-24 17:10:07 [INFO] [main] org.apache.coyote.http11.Http11NioProtocol - Initializing ProtocolHandler ["http-nio-8088"]
2022-03-24 17:10:07 [INFO] [main] org.apache.catalina.core.StandardService - Starting service [Tomcat]
2022-03-24 17:10:07 [INFO] [main] org.apache.catalina.core.StandardEngine - Starting Servlet engine: [Apache Tomcat/9.0.35]
2022-03-24 17:10:07 [INFO] [main] org.apache.catalina.core.ContainerBase.[Tomcat].[localhost].[/vue-study] - Initializing Spring embedded WebApplicationContext
2022-03-24 17:10:07 [INFO] [main] org.springframework.web.context.ContextLoader - Root WebApplicationContext: initialization completed in 1036 ms
2022-03-24 17:10:08 [INFO] [main] org.springframework.scheduling.concurrent.ThreadPoolTaskExecutor - Initializing ExecutorService 'applicationTaskExecutor'
2022-03-24 17:10:08 [INFO] [main] org.apache.coyote.http11.Http11NioProtocol - Starting ProtocolHandler ["http-nio-8088"]
2022-03-24 17:10:08 [INFO] [main] org.springframework.boot.web.embedded.tomcat.TomcatWebServer - Tomcat started on port(s): 8088 (http) with context path '/vue-study'
2022-03-24 17:10:08 [INFO] [main] com.example.demo.DemoApplication - Started DemoApplication in 1.838 seconds (JVM running for 3.176)
2022-03-24 17:10:54 [INFO] [http-nio-8088-exec-1] org.apache.catalina.core.ContainerBase.[Tomcat].[localhost].[/vue-study] - Initializing Spring DispatcherServlet 'dispatcherServlet'
2022-03-24 17:10:54 [INFO] [http-nio-8088-exec-1] org.springframework.web.servlet.DispatcherServlet - Initializing Servlet 'dispatcherServlet'
2022-03-24 17:10:54 [INFO] [http-nio-8088-exec-1] org.springframework.web.servlet.DispatcherServlet - Completed initialization in 6 ms
2022-03-24 17:10:54 [INFO] [http-nio-8088-exec-1] com.zaxxer.hikari.HikariDataSource - HikariPool-1 - Starting...
2022-03-24 17:10:54 [INFO] [http-nio-8088-exec-1] com.zaxxer.hikari.HikariDataSource - HikariPool-1 - Start completed.
2022-03-24 17:15:04 [INFO] [SpringContextShutdownHook] org.springframework.scheduling.concurrent.ThreadPoolTaskExecutor - Shutting down ExecutorService 'applicationTaskExecutor'
2022-03-24 17:15:04 [INFO] [SpringContextShutdownHook] com.zaxxer.hikari.HikariDataSource - HikariPool-1 - Shutdown initiated...
2022-03-24 17:15:04 [INFO] [SpringContextShutdownHook] com.zaxxer.hikari.HikariDataSource - HikariPool-1 - Shutdown completed.
2022-03-24 17:33:04 [INFO] [main] com.example.demo.DemoApplication - Starting DemoApplication on DESKTOP-CBQF5K9 with PID 9120 (D:\idea-workspace\demo\build\classes\java\main started by cxj in D:\idea-workspace\demo)
2022-03-24 17:33:04 [INFO] [main] com.example.demo.DemoApplication - No active profile set, falling back to default profiles: default
2022-03-24 17:33:05 [INFO] [main] org.springframework.boot.web.embedded.tomcat.TomcatWebServer - Tomcat initialized with port(s): 8088 (http)
2022-03-24 17:33:05 [INFO] [main] org.apache.coyote.http11.Http11NioProtocol - Initializing ProtocolHandler ["http-nio-8088"]
2022-03-24 17:33:05 [INFO] [main] org.apache.catalina.core.StandardService - Starting service [Tomcat]
2022-03-24 17:33:05 [INFO] [main] org.apache.catalina.core.StandardEngine - Starting Servlet engine: [Apache Tomcat/9.0.35]
2022-03-24 17:33:05 [INFO] [main] org.apache.catalina.core.ContainerBase.[Tomcat].[localhost].[/vue-study] - Initializing Spring embedded WebApplicationContext
2022-03-24 17:33:05 [INFO] [main] org.springframework.web.context.ContextLoader - Root WebApplicationContext: initialization completed in 885 ms
2022-03-24 17:33:05 [INFO] [main] org.springframework.scheduling.concurrent.ThreadPoolTaskExecutor - Initializing ExecutorService 'applicationTaskExecutor'
2022-03-24 17:33:05 [INFO] [main] org.apache.coyote.http11.Http11NioProtocol - Starting ProtocolHandler ["http-nio-8088"]
2022-03-24 17:33:05 [INFO] [main] org.springframework.boot.web.embedded.tomcat.TomcatWebServer - Tomcat started on port(s): 8088 (http) with context path '/vue-study'
2022-03-24 17:33:05 [INFO] [main] com.example.demo.DemoApplication - Started DemoApplication in 1.677 seconds (JVM running for 2.449)
2022-03-24 17:33:37 [INFO] [http-nio-8088-exec-1] org.apache.catalina.core.ContainerBase.[Tomcat].[localhost].[/vue-study] - Initializing Spring DispatcherServlet 'dispatcherServlet'
2022-03-24 17:33:37 [INFO] [http-nio-8088-exec-1] org.springframework.web.servlet.DispatcherServlet - Initializing Servlet 'dispatcherServlet'
2022-03-24 17:33:37 [INFO] [http-nio-8088-exec-1] org.springframework.web.servlet.DispatcherServlet - Completed initialization in 4 ms
2022-03-24 17:34:49 [INFO] [SpringContextShutdownHook] org.springframework.scheduling.concurrent.ThreadPoolTaskExecutor - Shutting down ExecutorService 'applicationTaskExecutor'
2022-03-24 17:34:53 [INFO] [main] com.example.demo.DemoApplication - Starting DemoApplication on DESKTOP-CBQF5K9 with PID 17368 (D:\idea-workspace\demo\build\classes\java\main started by cxj in D:\idea-workspace\demo)
2022-03-24 17:34:53 [INFO] [main] com.example.demo.DemoApplication - No active profile set, falling back to default profiles: default
2022-03-24 17:34:54 [INFO] [main] org.springframework.boot.web.embedded.tomcat.TomcatWebServer - Tomcat initialized with port(s): 8088 (http)
2022-03-24 17:34:54 [INFO] [main] org.apache.coyote.http11.Http11NioProtocol - Initializing ProtocolHandler ["http-nio-8088"]
2022-03-24 17:34:54 [INFO] [main] org.apache.catalina.core.StandardService - Starting service [Tomcat]
2022-03-24 17:34:54 [INFO] [main] org.apache.catalina.core.StandardEngine - Starting Servlet engine: [Apache Tomcat/9.0.35]
2022-03-24 17:34:54 [INFO] [main] org.apache.catalina.core.ContainerBase.[Tomcat].[localhost].[/vue-study] - Initializing Spring embedded WebApplicationContext
2022-03-24 17:34:54 [INFO] [main] org.springframework.web.context.ContextLoader - Root WebApplicationContext: initialization completed in 958 ms
2022-03-24 17:34:54 [INFO] [main] org.springframework.scheduling.concurrent.ThreadPoolTaskExecutor - Initializing ExecutorService 'applicationTaskExecutor'
2022-03-24 17:34:54 [INFO] [main] org.apache.coyote.http11.Http11NioProtocol - Starting ProtocolHandler ["http-nio-8088"]
2022-03-24 17:34:55 [INFO] [main] org.springframework.boot.web.embedded.tomcat.TomcatWebServer - Tomcat started on port(s): 8088 (http) with context path '/vue-study'
2022-03-24 17:34:55 [INFO] [main] com.example.demo.DemoApplication - Started DemoApplication in 1.89 seconds (JVM running for 2.65)
2022-03-24 17:35:57 [INFO] [http-nio-8088-exec-1] org.apache.catalina.core.ContainerBase.[Tomcat].[localhost].[/vue-study] - Initializing Spring DispatcherServlet 'dispatcherServlet'
2022-03-24 17:35:57 [INFO] [http-nio-8088-exec-1] org.springframework.web.servlet.DispatcherServlet - Initializing Servlet 'dispatcherServlet'
2022-03-24 17:35:57 [INFO] [http-nio-8088-exec-1] org.springframework.web.servlet.DispatcherServlet - Completed initialization in 6 ms
2022-03-24 17:38:35 [INFO] [SpringContextShutdownHook] org.springframework.scheduling.concurrent.ThreadPoolTaskExecutor - Shutting down ExecutorService 'applicationTaskExecutor'
2022-03-24 17:38:40 [INFO] [main] com.example.demo.DemoApplication - Starting DemoApplication on DESKTOP-CBQF5K9 with PID 20496 (D:\idea-workspace\demo\build\classes\java\main started by cxj in D:\idea-workspace\demo)
2022-03-24 17:38:40 [INFO] [main] com.example.demo.DemoApplication - No active profile set, falling back to default profiles: default
2022-03-24 17:38:41 [INFO] [main] org.springframework.boot.web.embedded.tomcat.TomcatWebServer - Tomcat initialized with port(s): 8088 (http)
2022-03-24 17:38:41 [INFO] [main] org.apache.coyote.http11.Http11NioProtocol - Initializing ProtocolHandler ["http-nio-8088"]
2022-03-24 17:38:41 [INFO] [main] org.apache.catalina.core.StandardService - Starting service [Tomcat]
2022-03-24 17:38:41 [INFO] [main] org.apache.catalina.core.StandardEngine - Starting Servlet engine: [Apache Tomcat/9.0.35]
2022-03-24 17:38:41 [INFO] [main] org.apache.catalina.core.ContainerBase.[Tomcat].[localhost].[/vue-study] - Initializing Spring embedded WebApplicationContext
2022-03-24 17:38:41 [INFO] [main] org.springframework.web.context.ContextLoader - Root WebApplicationContext: initialization completed in 852 ms
2022-03-24 17:38:42 [INFO] [main] org.springframework.scheduling.concurrent.ThreadPoolTaskExecutor - Initializing ExecutorService 'applicationTaskExecutor'
2022-03-24 17:38:42 [INFO] [main] org.apache.coyote.http11.Http11NioProtocol - Starting ProtocolHandler ["http-nio-8088"]
2022-03-24 17:38:42 [INFO] [main] org.springframework.boot.web.embedded.tomcat.TomcatWebServer - Tomcat started on port(s): 8088 (http) with context path '/vue-study'
2022-03-24 17:38:42 [INFO] [main] com.example.demo.DemoApplication - Started DemoApplication in 1.619 seconds (JVM running for 2.385)
2022-03-24 17:40:10 [INFO] [http-nio-8088-exec-1] org.apache.catalina.core.ContainerBase.[Tomcat].[localhost].[/vue-study] - Initializing Spring DispatcherServlet 'dispatcherServlet'
2022-03-24 17:40:10 [INFO] [http-nio-8088-exec-1] org.springframework.web.servlet.DispatcherServlet - Initializing Servlet 'dispatcherServlet'
2022-03-24 17:40:10 [INFO] [http-nio-8088-exec-1] org.springframework.web.servlet.DispatcherServlet - Completed initialization in 8 ms
2022-03-24 17:40:10 [INFO] [http-nio-8088-exec-1] com.zaxxer.hikari.HikariDataSource - HikariPool-1 - Starting...
2022-03-24 17:40:11 [INFO] [http-nio-8088-exec-1] com.zaxxer.hikari.HikariDataSource - HikariPool-1 - Start completed.
2022-03-24 17:42:05 [INFO] [SpringContextShutdownHook] org.springframework.scheduling.concurrent.ThreadPoolTaskExecutor - Shutting down ExecutorService 'applicationTaskExecutor'
2022-03-24 17:42:05 [INFO] [SpringContextShutdownHook] com.zaxxer.hikari.HikariDataSource - HikariPool-1 - Shutdown initiated...
2022-03-24 17:42:06 [INFO] [SpringContextShutdownHook] com.zaxxer.hikari.HikariDataSource - HikariPool-1 - Shutdown completed.
2022-03-24 17:42:09 [INFO] [main] com.example.demo.DemoApplication - Starting DemoApplication on DESKTOP-CBQF5K9 with PID 5856 (D:\idea-workspace\demo\build\classes\java\main started by cxj in D:\idea-workspace\demo)
2022-03-24 17:42:09 [INFO] [main] com.example.demo.DemoApplication - No active profile set, falling back to default profiles: default
2022-03-24 17:42:10 [INFO] [main] org.springframework.boot.web.embedded.tomcat.TomcatWebServer - Tomcat initialized with port(s): 8088 (http)
2022-03-24 17:42:10 [INFO] [main] org.apache.coyote.http11.Http11NioProtocol - Initializing ProtocolHandler ["http-nio-8088"]
2022-03-24 17:42:10 [INFO] [main] org.apache.catalina.core.StandardService - Starting service [Tomcat]
2022-03-24 17:42:10 [INFO] [main] org.apache.catalina.core.StandardEngine - Starting Servlet engine: [Apache Tomcat/9.0.35]
2022-03-24 17:42:10 [INFO] [main] org.apache.catalina.core.ContainerBase.[Tomcat].[localhost].[/vue-study] - Initializing Spring embedded WebApplicationContext
2022-03-24 17:42:10 [INFO] [main] org.springframework.web.context.ContextLoader - Root WebApplicationContext: initialization completed in 874 ms
2022-03-24 17:42:10 [INFO] [main] org.springframework.scheduling.concurrent.ThreadPoolTaskExecutor - Initializing ExecutorService 'applicationTaskExecutor'
2022-03-24 17:42:10 [INFO] [main] org.apache.coyote.http11.Http11NioProtocol - Starting ProtocolHandler ["http-nio-8088"]
2022-03-24 17:42:10 [INFO] [main] org.springframework.boot.web.embedded.tomcat.TomcatWebServer - Tomcat started on port(s): 8088 (http) with context path '/vue-study'
2022-03-24 17:42:10 [INFO] [main] com.example.demo.DemoApplication - Started DemoApplication in 1.674 seconds (JVM running for 2.472)
2022-03-24 17:42:18 [INFO] [http-nio-8088-exec-1] org.apache.catalina.core.ContainerBase.[Tomcat].[localhost].[/vue-study] - Initializing Spring DispatcherServlet 'dispatcherServlet'
2022-03-24 17:42:18 [INFO] [http-nio-8088-exec-1] org.springframework.web.servlet.DispatcherServlet - Initializing Servlet 'dispatcherServlet'
2022-03-24 17:42:18 [INFO] [http-nio-8088-exec-1] org.springframework.web.servlet.DispatcherServlet - Completed initialization in 4 ms
2022-03-24 17:42:18 [INFO] [http-nio-8088-exec-1] com.zaxxer.hikari.HikariDataSource - HikariPool-1 - Starting...
2022-03-24 17:42:18 [INFO] [http-nio-8088-exec-1] com.zaxxer.hikari.HikariDataSource - HikariPool-1 - Start completed.
2022-03-24 19:33:36 [INFO] [SpringContextShutdownHook] org.springframework.scheduling.concurrent.ThreadPoolTaskExecutor - Shutting down ExecutorService 'applicationTaskExecutor'
2022-03-24 19:33:36 [INFO] [SpringContextShutdownHook] com.zaxxer.hikari.HikariDataSource - HikariPool-1 - Shutdown initiated...
2022-03-24 19:33:36 [INFO] [SpringContextShutdownHook] com.zaxxer.hikari.HikariDataSource - HikariPool-1 - Shutdown completed.
